<?xml version="1.0" encoding="UTF-8"?>
<testsuite xmlns:xsi="http://www.w3.org/2001/XMLSchema-instance" xsi:noNamespaceSchemaLocation="https://maven.apache.org/surefire/maven-surefire-plugin/xsd/surefire-test-report-3.0.xsd" version="3.0" name="com.example.demo.EKaAdminApplicationTests" time="6.625" tests="1" errors="0" skipped="0" failures="0">
  <properties>
[...]
</properties>
  <testcase name="contextLoads" classname="com.example.demo.EKaAdminApplicationTests" time="0.641">
    <system-out><![CDATA[19:08:56.835 [main] INFO org.springframework.test.context.support.AnnotationConfigContextLoaderUtils -- Could not detect default configuration classes for test class [com.example.demo.EKaAdminApplicationTests]: EKaAdminApplicationTests does not declare any static, non-private, non-final, nested classes annotated with @Configuration.
19:08:56.960 [main] INFO org.springframework.boot.test.context.SpringBootTestContextBootstrapper -- Found @SpringBootConfiguration com.example.EKaAdminApplication for test class com.example.demo.EKaAdminApplicationTests
19:08:57.173 [main] INFO org.springframework.boot.devtools.restart.RestartApplicationListener -- Restart disabled due to context in which it is running
  .   ____          _            __ _ _
 /\\ / ___'_ __ _ _(_)_ __  __ _ \ \ \ \
( ( )\___ | '_ | '_| | '_ \/ _` | \ \ \ \
 \\/  ___)| |_)| | | | | || (_| |  ) ) ) )
  '  |____| .__|_| |_|_| |_\__, | / / / /
 =========|_|==============|___/=/_/_/_/

 :: Spring Boot ::                (v3.3.0)

2024-06-10T19:08:57.512+05:30  INFO 5556 --- [eKA-Admin] [           main] c.example.demo.EKaAdminApplicationTests  : Starting EKaAdminApplicationTests using Java 17.0.10 with PID 5556 (started by Bharath Kumar in C:\Users\Bharath Kumar\Desktop\eKA-Admin\eKA-Admin)
2024-06-10T19:08:57.514+05:30  INFO 5556 --- [eKA-Admin] [           main] c.example.demo.EKaAdminApplicationTests  : No active profile set, falling back to 1 default profile: "default"
2024-06-10T19:08:58.387+05:30  INFO 5556 --- [eKA-Admin] [           main] .s.d.r.c.RepositoryConfigurationDelegate : Bootstrapping Spring Data JPA repositories in DEFAULT mode.
2024-06-10T19:08:58.474+05:30  INFO 5556 --- [eKA-Admin] [           main] .s.d.r.c.RepositoryConfigurationDelegate : Finished Spring Data repository scanning in 75 ms. Found 5 JPA repository interfaces.
2024-06-10T19:08:59.104+05:30  INFO 5556 --- [eKA-Admin] [           main] o.hibernate.jpa.internal.util.LogHelper  : HHH000204: Processing PersistenceUnitInfo [name: default]
2024-06-10T19:08:59.168+05:30  INFO 5556 --- [eKA-Admin] [           main] org.hibernate.Version                    : HHH000412: Hibernate ORM core version 6.5.2.Final
2024-06-10T19:08:59.210+05:30  INFO 5556 --- [eKA-Admin] [           main] o.h.c.internal.RegionFactoryInitiator    : HHH000026: Second-level cache disabled
2024-06-10T19:08:59.647+05:30  INFO 5556 --- [eKA-Admin] [           main] o.s.o.j.p.SpringPersistenceUnitInfo      : No LoadTimeWeaver setup: ignoring JPA class transformer
2024-06-10T19:08:59.681+05:30  INFO 5556 --- [eKA-Admin] [           main] com.zaxxer.hikari.HikariDataSource       : HikariPool-1 - Starting...
2024-06-10T19:09:00.069+05:30  INFO 5556 --- [eKA-Admin] [           main] com.zaxxer.hikari.pool.HikariPool        : HikariPool-1 - Added connection com.mysql.cj.jdbc.ConnectionImpl@75ee6f89
2024-06-10T19:09:00.072+05:30  INFO 5556 --- [eKA-Admin] [           main] com.zaxxer.hikari.HikariDataSource       : HikariPool-1 - Start completed.
2024-06-10T19:09:01.151+05:30  INFO 5556 --- [eKA-Admin] [           main] o.h.e.t.j.p.i.JtaPlatformInitiator       : HHH000489: No JTA platform available (set 'hibernate.transaction.jta.platform' to enable JTA platform integration)
2024-06-10T19:09:01.242+05:30  INFO 5556 --- [eKA-Admin] [           main] j.LocalContainerEntityManagerFactoryBean : Initialized JPA EntityManagerFactory for persistence unit 'default'
2024-06-10T19:09:01.833+05:30  INFO 5556 --- [eKA-Admin] [           main] eAuthenticationProviderManagerConfigurer : Global AuthenticationManager configured with AuthenticationProvider bean with name authenticationProvider
2024-06-10T19:09:01.834+05:30  WARN 5556 --- [eKA-Admin] [           main] r$InitializeUserDetailsManagerConfigurer : Global AuthenticationManager configured with an AuthenticationProvider bean. UserDetailsService beans will not be used for username/password login. Consider removing the AuthenticationProvider bean. Alternatively, consider using the UserDetailsService in a manually instantiated DaoAuthenticationProvider.
2024-06-10T19:09:01.845+05:30  WARN 5556 --- [eKA-Admin] [           main] JpaBaseConfiguration$JpaWebConfiguration : spring.jpa.open-in-view is enabled by default. Therefore, database queries may be performed during view rendering. Explicitly configure spring.jpa.open-in-view to disable this warning
2024-06-10T19:09:02.311+05:30  INFO 5556 --- [eKA-Admin] [           main] o.s.s.web.DefaultSecurityFilterChain     : Will secure any request with [org.springframework.security.web.session.DisableEncodeUrlFilter@27558dee, org.springframework.security.web.context.request.async.WebAsyncManagerIntegrationFilter@6108c962, org.springframework.security.web.context.SecurityContextHolderFilter@3bd5dff5, org.springframework.security.web.header.HeaderWriterFilter@440e2406, org.springframework.security.web.authentication.logout.LogoutFilter@6e2764c9, com.example.security.JwtAuthFilter@4ebd0b52, org.springframework.security.web.savedrequest.RequestCacheAwareFilter@68cc6fa4, org.springframework.security.web.servletapi.SecurityContextHolderAwareRequestFilter@18ada4e1, org.springframework.security.web.authentication.AnonymousAuthenticationFilter@41c05747, org.springframework.security.web.session.SessionManagementFilter@768967cf, org.springframework.security.web.access.ExceptionTranslationFilter@3509f32d, org.springframework.security.web.access.intercept.AuthorizationFilter@5702232d]
2024-06-10T19:09:02.592+05:30  INFO 5556 --- [eKA-Admin] [           main] c.example.demo.EKaAdminApplicationTests  : Started EKaAdminApplicationTests in 5.437 seconds (process running for 6.67)
]]></system-out>
  </testcase>
</testsuite>